<?xml version="1.0" encoding="UTF-8"?>
<!-- Generated by org.testng.reporters.JUnitReportReporter -->
<testsuite hostname="DESKTOP-L88NPJT" failures="0" tests="1" name="Sivaprojhect.Basictest" time="19.269" errors="0" timestamp="2024-09-05T16:48:27 GMT-04:00" skipped="0">
  <testcase classname="Sivaprojhect.Basictest" name="secondmethod" time="19.269"/>
</testsuite> <!-- Sivaprojhect.Basictest -->
